<?xml version="1.0" encoding="UTF-8"?>
<!-- Generated by org.testng.reporters.JUnitReportReporter -->
<testsuite hostname="MSI" failures="0" tests="1" name="TestNGbasics.annotations" time="0.138" errors="0" timestamp="2024-01-06T21:35:59 GMT" skipped="0">
  <testcase classname="TestNGbasics.annotations" name="Test" time="0.138"/>
  <system-out/>
</testsuite> <!-- TestNGbasics.annotations -->
